{"level":"info","message":"Connected to MongoDB at mongodb://localhost:27017/fulstack_todo_app_ejs","timestamp":"2025-03-18 09:47:48"}
{"level":"info","message":"Server running in development mode on http://localhost:3000","timestamp":"2025-03-18 09:47:48"}
{"level":"info","message":"Connected to MongoDB at mongodb://localhost:27017/fulstack_todo_app_ejs","timestamp":"2025-03-18 09:48:01"}
{"level":"info","message":"Server running in development mode on http://localhost:3000","timestamp":"2025-03-18 09:48:01"}
{"level":"info","message":"Connected to MongoDB at mongodb://localhost:27017/fulstack_todo_app_ejs","timestamp":"2025-03-18 09:48:57"}
{"level":"info","message":"Server running in development mode on http://localhost:3000","timestamp":"2025-03-18 09:48:57"}
{"level":"info","message":"Connected to MongoDB at mongodb://localhost:27017/fulstack_todo_app_ejs","timestamp":"2025-03-18 09:49:40"}
{"level":"info","message":"Server running in development mode on http://localhost:3000","timestamp":"2025-03-18 09:49:40"}
{"level":"info","message":"Connected to MongoDB at mongodb://localhost:27017/fulstack_todo_app_ejs","timestamp":"2025-03-18 09:50:06"}
{"level":"info","message":"Server running in development mode on http://localhost:3000","timestamp":"2025-03-18 09:50:06"}
{"level":"info","message":"Connected to MongoDB at mongodb://localhost:27017/fulstack_todo_app_ejs","timestamp":"2025-03-18 09:51:13"}
{"level":"info","message":"Server running in development mode on http://localhost:3000","timestamp":"2025-03-18 09:51:13"}
{"level":"info","message":"Connected to MongoDB at mongodb://localhost:27017/fulstack_todo_app_ejs","timestamp":"2025-03-18 09:53:21"}
{"level":"info","message":"Server running in development mode on http://localhost:3000","timestamp":"2025-03-18 09:53:21"}
{"level":"info","message":"Connected to MongoDB at mongodb://localhost:27017/fulstack_todo_app_ejs","timestamp":"2025-03-18 09:53:30"}
{"level":"info","message":"Server running in development mode on http://localhost:3000","timestamp":"2025-03-18 09:53:30"}
{"level":"info","message":"Connected to MongoDB at mongodb://localhost:27017/fulstack_todo_app_ejs","timestamp":"2025-03-18 09:54:07"}
{"level":"info","message":"Server running in development mode on http://localhost:3000","timestamp":"2025-03-18 09:54:07"}
{"level":"info","message":"Connected to MongoDB at mongodb://localhost:27017/fulstack_todo_app_ejs","timestamp":"2025-03-18 09:54:24"}
{"level":"info","message":"Server running in development mode on http://localhost:3000","timestamp":"2025-03-18 09:54:24"}
{"level":"info","message":"Connected to MongoDB at mongodb://localhost:27017/fulstack_todo_app_ejs","timestamp":"2025-03-18 09:55:08"}
{"level":"info","message":"Server running in development mode on http://localhost:3000","timestamp":"2025-03-18 09:55:09"}
{"level":"info","message":"Connected to MongoDB at mongodb://localhost:27017/fulstack_todo_app_ejs","timestamp":"2025-03-18 09:55:25"}
{"level":"info","message":"Server running in development mode on http://localhost:3000","timestamp":"2025-03-18 09:55:25"}
{"level":"info","message":"Connected to MongoDB at mongodb://localhost:27017/fulstack_todo_app_ejs","timestamp":"2025-03-18 09:56:06"}
{"level":"info","message":"Server running in development mode on http://localhost:3000","timestamp":"2025-03-18 09:56:06"}
{"level":"info","message":"Connected to MongoDB at mongodb://localhost:27017/fulstack_todo_app_ejs","timestamp":"2025-03-18 10:08:54"}
{"level":"info","message":"Server running in development mode on http://localhost:3000","timestamp":"2025-03-18 10:08:54"}
{"level":"info","message":"Connected to MongoDB at mongodb://localhost:27017/fulstack_todo_app_ejs","timestamp":"2025-03-18 10:09:39"}
{"level":"info","message":"Server running in development mode on http://localhost:3000","timestamp":"2025-03-18 10:09:39"}
{"level":"info","message":"Connected to MongoDB at mongodb://localhost:27017/fulstack_todo_app_ejs","timestamp":"2025-03-18 10:10:22"}
{"level":"info","message":"Server running in development mode on http://localhost:3000","timestamp":"2025-03-18 10:10:22"}
{"level":"info","message":"Connected to MongoDB at mongodb://localhost:27017/fulstack_todo_app_ejs","timestamp":"2025-03-18 10:11:05"}
{"level":"info","message":"Server running in development mode on http://localhost:3000","timestamp":"2025-03-18 10:11:05"}
{"level":"info","message":"Connected to MongoDB at mongodb://localhost:27017/fulstack_todo_app_ejs","timestamp":"2025-03-18 10:11:45"}
{"level":"info","message":"Server running in development mode on http://localhost:3000","timestamp":"2025-03-18 10:11:45"}
{"level":"info","message":"Connected to MongoDB at mongodb://localhost:27017/fulstack_todo_app_ejs","timestamp":"2025-03-18 10:13:03"}
{"level":"info","message":"Server running in development mode on http://localhost:3000","timestamp":"2025-03-18 10:13:03"}
{"level":"info","message":"Connected to MongoDB at mongodb://localhost:27017/fulstack_todo_app_ejs","timestamp":"2025-03-18 10:14:14"}
{"level":"info","message":"Server running in development mode on http://localhost:3000","timestamp":"2025-03-18 10:14:14"}
{"level":"info","message":"Connected to MongoDB at mongodb://localhost:27017/fulstack_todo_app_ejs","timestamp":"2025-03-18 10:14:26"}
{"level":"info","message":"Server running in development mode on http://localhost:3000","timestamp":"2025-03-18 10:14:26"}
{"level":"info","message":"Connected to MongoDB at mongodb://localhost:27017/fulstack_todo_app_ejs","timestamp":"2025-03-18 10:22:18"}
{"level":"info","message":"Server running in development mode on http://localhost:3000","timestamp":"2025-03-18 10:22:18"}
{"level":"info","message":"Connected to MongoDB at mongodb://localhost:27017/fulstack_todo_app_ejs","timestamp":"2025-03-18 10:22:24"}
{"level":"info","message":"Server running in development mode on http://localhost:3000","timestamp":"2025-03-18 10:22:24"}
{"level":"info","message":"Connected to MongoDB at mongodb://localhost:27017/fulstack_todo_app_ejs","timestamp":"2025-03-18 10:25:08"}
{"level":"info","message":"Server running in development mode on http://localhost:3000","timestamp":"2025-03-18 10:25:08"}
{"level":"info","message":"Connected to MongoDB at mongodb://localhost:27017/fulstack_todo_app_ejs","timestamp":"2025-03-18 10:26:52"}
{"level":"info","message":"Server running in development mode on http://localhost:3000","timestamp":"2025-03-18 10:26:52"}
{"level":"info","message":"Connected to MongoDB at mongodb://localhost:27017/fulstack_todo_app_ejs","timestamp":"2025-03-18 10:33:12"}
{"level":"info","message":"Server running in development mode on http://localhost:3000","timestamp":"2025-03-18 10:33:12"}
{"level":"info","message":"Connected to MongoDB at mongodb://localhost:27017/fulstack_todo_app_ejs","timestamp":"2025-03-18 10:33:33"}
{"level":"info","message":"Server running in development mode on http://localhost:3000","timestamp":"2025-03-18 10:33:33"}
{"level":"info","message":"Connected to MongoDB at mongodb://localhost:27017/fulstack_todo_app_ejs","timestamp":"2025-03-18 10:33:43"}
{"level":"info","message":"Server running in development mode on http://localhost:3000","timestamp":"2025-03-18 10:33:43"}
{"level":"info","message":"Connected to MongoDB at mongodb://localhost:27017/fulstack_todo_app_ejs","timestamp":"2025-03-18 10:33:56"}
{"level":"info","message":"Server running in development mode on http://localhost:3000","timestamp":"2025-03-18 10:33:56"}
{"level":"info","message":"Connected to MongoDB at mongodb://localhost:27017/fulstack_todo_app_ejs","timestamp":"2025-03-18 10:37:36"}
{"level":"info","message":"Server running in development mode on http://localhost:3000","timestamp":"2025-03-18 10:37:36"}
{"level":"info","message":"Connected to MongoDB at mongodb://localhost:27017/fulstack_todo_app_ejs","timestamp":"2025-03-18 10:39:37"}
{"level":"info","message":"Server running in development mode on http://localhost:3000","timestamp":"2025-03-18 10:39:37"}
{"level":"info","message":"Connected to MongoDB at mongodb://localhost:27017/fulstack_todo_app_ejs","timestamp":"2025-03-18 10:40:33"}
{"level":"info","message":"Server running in development mode on http://localhost:3000","timestamp":"2025-03-18 10:40:33"}
{"level":"info","message":"Connected to MongoDB at mongodb://localhost:27017/fulstack_todo_app_ejs","timestamp":"2025-03-18 10:41:23"}
{"level":"info","message":"Server running in development mode on http://localhost:3000","timestamp":"2025-03-18 10:41:23"}
{"level":"info","message":"Connected to MongoDB at mongodb://localhost:27017/fulstack_todo_app_ejs","timestamp":"2025-03-18 10:42:29"}
{"level":"info","message":"Server running in development mode on http://localhost:3000","timestamp":"2025-03-18 10:42:29"}
{"level":"info","message":"Connected to MongoDB at mongodb://localhost:27017/fulstack_todo_app_ejs","timestamp":"2025-03-18 10:43:54"}
{"level":"info","message":"Server running in development mode on http://localhost:3000","timestamp":"2025-03-18 10:43:54"}
{"level":"info","message":"Connected to MongoDB at mongodb://localhost:27017/fulstack_todo_app_ejs","timestamp":"2025-03-18 10:44:27"}
{"level":"info","message":"Server running in development mode on http://localhost:3000","timestamp":"2025-03-18 10:44:27"}
{"level":"info","message":"Connected to MongoDB at mongodb://localhost:27017/fulstack_todo_app_ejs","timestamp":"2025-03-18 10:51:58"}
{"level":"info","message":"Connected to MongoDB at mongodb://localhost:27017/fulstack_todo_app_ejs","timestamp":"2025-03-18 10:52:27"}
{"level":"info","message":"Connected to MongoDB at mongodb://localhost:27017/fulstack_todo_app_ejs","timestamp":"2025-03-18 10:52:55"}
{"level":"info","message":"Connected to MongoDB at mongodb://localhost:27017/fulstack_todo_app_ejs","timestamp":"2025-03-18 10:53:31"}
{"level":"info","message":"Connected to MongoDB at mongodb://localhost:27017/fulstack_todo_app_ejs","timestamp":"2025-03-18 10:55:51"}
{"level":"info","message":"Server running in development mode on http://localhost:3000","timestamp":"2025-03-18 10:55:51"}
{"level":"info","message":"Connected to MongoDB at mongodb://localhost:27017/fulstack_todo_app_ejs","timestamp":"2025-03-18 10:55:51"}
{"level":"info","message":"Connected to MongoDB at mongodb://localhost:27017/fulstack_todo_app_ejs","timestamp":"2025-03-18 10:55:51"}
{"level":"error","message":"Error in createTodo: title.trim is not a function","stack":"TypeError: title.trim is not a function\n    at Object.createTodo (file:///C:/Users/%E3%83%A9%E3%83%8A%E3%83%A2%E3%83%8F%E3%83%9E%E3%83%89%E3%82%B7%E3%83%A7%E3%83%98%E3%83%AB/Desktop/learnig_folder/full_stack_todo_app_EJS/src/services/todoService.js:32:33)\n    at createTodo (file:///C:/Users/%E3%83%A9%E3%83%8A%E3%83%A2%E3%83%8F%E3%83%9E%E3%83%89%E3%82%B7%E3%83%A7%E3%83%98%E3%83%AB/Desktop/learnig_folder/full_stack_todo_app_EJS/src/controllers/todoController.js:55:44)\n    at Layer.handle [as handle_request] (C:\\Users\\ラナモハマドショヘル\\Desktop\\learnig_folder\\full_stack_todo_app_EJS\\node_modules\\express\\lib\\router\\layer.js:95:5)\n    at next (C:\\Users\\ラナモハマドショヘル\\Desktop\\learnig_folder\\full_stack_todo_app_EJS\\node_modules\\express\\lib\\router\\route.js:149:13)\n    at Route.dispatch (C:\\Users\\ラナモハマドショヘル\\Desktop\\learnig_folder\\full_stack_todo_app_EJS\\node_modules\\express\\lib\\router\\route.js:119:3)\n    at Layer.handle [as handle_request] (C:\\Users\\ラナモハマドショヘル\\Desktop\\learnig_folder\\full_stack_todo_app_EJS\\node_modules\\express\\lib\\router\\layer.js:95:5)\n    at C:\\Users\\ラナモハマドショヘル\\Desktop\\learnig_folder\\full_stack_todo_app_EJS\\node_modules\\express\\lib\\router\\index.js:284:15\n    at Function.process_params (C:\\Users\\ラナモハマドショヘル\\Desktop\\learnig_folder\\full_stack_todo_app_EJS\\node_modules\\express\\lib\\router\\index.js:346:12)\n    at next (C:\\Users\\ラナモハマドショヘル\\Desktop\\learnig_folder\\full_stack_todo_app_EJS\\node_modules\\express\\lib\\router\\index.js:280:10)\n    at Function.handle (C:\\Users\\ラナモハマドショヘル\\Desktop\\learnig_folder\\full_stack_todo_app_EJS\\node_modules\\express\\lib\\router\\index.js:175:3)","timestamp":"2025-03-18 10:56:26"}
{"level":"info","message":"Connected to MongoDB at mongodb://localhost:27017/fulstack_todo_app_ejs","timestamp":"2025-03-18 10:57:32"}
{"level":"info","message":"Connected to MongoDB at mongodb://localhost:27017/fulstack_todo_app_ejs","timestamp":"2025-03-18 10:57:32"}
{"level":"info","message":"Connected to MongoDB at mongodb://localhost:27017/fulstack_todo_app_ejs","timestamp":"2025-03-18 10:57:32"}
{"level":"info","message":"Server running in development mode on http://localhost:3000","timestamp":"2025-03-18 10:57:32"}
{"level":"info","message":"Connected to MongoDB at mongodb://localhost:27017/fulstack_todo_app_ejs","timestamp":"2025-03-18 10:57:48"}
{"level":"info","message":"Connected to MongoDB at mongodb://localhost:27017/fulstack_todo_app_ejs","timestamp":"2025-03-18 10:57:48"}
{"level":"info","message":"Server running in development mode on http://localhost:3000","timestamp":"2025-03-18 10:57:48"}
{"level":"info","message":"Connected to MongoDB at mongodb://localhost:27017/fulstack_todo_app_ejs","timestamp":"2025-03-18 10:57:48"}
{"level":"info","message":"Connected to MongoDB at mongodb://localhost:27017/fulstack_todo_app_ejs","timestamp":"2025-03-18 10:58:24"}
{"level":"info","message":"Connected to MongoDB at mongodb://localhost:27017/fulstack_todo_app_ejs","timestamp":"2025-03-18 10:58:58"}
{"level":"info","message":"Connected to MongoDB at mongodb://localhost:27017/fulstack_todo_app_ejs","timestamp":"2025-03-18 10:58:58"}
{"level":"info","message":"Server running in development mode on http://localhost:4000","timestamp":"2025-03-18 10:58:58"}
{"level":"info","message":"Connected to MongoDB at mongodb://localhost:27017/fulstack_todo_app_ejs","timestamp":"2025-03-18 10:58:58"}
{"level":"info","message":"Connected to MongoDB at mongodb://localhost:27017/fulstack_todo_app_ejs","timestamp":"2025-03-18 10:59:11"}
{"level":"info","message":"Server running in development mode on http://localhost:3000","timestamp":"2025-03-18 10:59:11"}
{"level":"info","message":"Connected to MongoDB at mongodb://localhost:27017/fulstack_todo_app_ejs","timestamp":"2025-03-18 10:59:11"}
{"level":"info","message":"Connected to MongoDB at mongodb://localhost:27017/fulstack_todo_app_ejs","timestamp":"2025-03-18 10:59:14"}
{"level":"info","message":"Connected to MongoDB at mongodb://localhost:27017/fulstack_todo_app_ejs","timestamp":"2025-03-18 11:01:24"}
{"level":"info","message":"Server running in development mode on http://localhost:3000","timestamp":"2025-03-18 11:01:24"}
{"_message":"Todo validation failed","errors":{"status":{"kind":"enum","message":"`pending` is not a valid enum value for path `status`.","name":"ValidatorError","path":"status","properties":{"enumValues":["pendind,","completed"],"message":"`pending` is not a valid enum value for path `status`.","path":"status","type":"enum","value":"pending"},"value":"pending"}},"level":"error","message":"Error in createTodo: Todo validation failed: status: `pending` is not a valid enum value for path `status`.","stack":"ValidationError: Todo validation failed: status: `pending` is not a valid enum value for path `status`.\n    at Document.invalidate (C:\\Users\\ラナモハマドショヘル\\Desktop\\learnig_folder\\full_stack_todo_app_EJS\\node_modules\\mongoose\\lib\\document.js:3329:32)\n    at C:\\Users\\ラナモハマドショヘル\\Desktop\\learnig_folder\\full_stack_todo_app_EJS\\node_modules\\mongoose\\lib\\document.js:3090:17\n    at C:\\Users\\ラナモハマドショヘル\\Desktop\\learnig_folder\\full_stack_todo_app_EJS\\node_modules\\mongoose\\lib\\schemaType.js:1407:9\n    at process.processTicksAndRejections (node:internal/process/task_queues:85:11)","timestamp":"2025-03-18 11:01:38"}
{"level":"error","message":"Error in createTodo: Error creating todo: Todo validation failed: status: `pending` is not a valid enum value for path `status`.","stack":"Error: Error creating todo: Todo validation failed: status: `pending` is not a valid enum value for path `status`.\n    at Object.createTodo (file:///C:/Users/%E3%83%A9%E3%83%8A%E3%83%A2%E3%83%8F%E3%83%9E%E3%83%89%E3%82%B7%E3%83%A7%E3%83%98%E3%83%AB/Desktop/learnig_folder/full_stack_todo_app_EJS/src/services/todoService.js:44:19)\n    at process.processTicksAndRejections (node:internal/process/task_queues:105:5)\n    at async createTodo (file:///C:/Users/%E3%83%A9%E3%83%8A%E3%83%A2%E3%83%8F%E3%83%9E%E3%83%89%E3%82%B7%E3%83%A7%E3%83%98%E3%83%AB/Desktop/learnig_folder/full_stack_todo_app_EJS/src/controllers/todoController.js:58:26)","timestamp":"2025-03-18 11:01:38"}
{"_message":"Todo validation failed","errors":{"status":{"kind":"enum","message":"`pending` is not a valid enum value for path `status`.","name":"ValidatorError","path":"status","properties":{"enumValues":["pendind,","completed"],"message":"`pending` is not a valid enum value for path `status`.","path":"status","type":"enum","value":"pending"},"value":"pending"}},"level":"error","message":"Error in createTodo: Todo validation failed: status: `pending` is not a valid enum value for path `status`.","stack":"ValidationError: Todo validation failed: status: `pending` is not a valid enum value for path `status`.\n    at Document.invalidate (C:\\Users\\ラナモハマドショヘル\\Desktop\\learnig_folder\\full_stack_todo_app_EJS\\node_modules\\mongoose\\lib\\document.js:3329:32)\n    at C:\\Users\\ラナモハマドショヘル\\Desktop\\learnig_folder\\full_stack_todo_app_EJS\\node_modules\\mongoose\\lib\\document.js:3090:17\n    at C:\\Users\\ラナモハマドショヘル\\Desktop\\learnig_folder\\full_stack_todo_app_EJS\\node_modules\\mongoose\\lib\\schemaType.js:1407:9\n    at process.processTicksAndRejections (node:internal/process/task_queues:85:11)","timestamp":"2025-03-18 11:02:19"}
{"level":"error","message":"Error in createTodo: Error creating todo: Todo validation failed: status: `pending` is not a valid enum value for path `status`.","stack":"Error: Error creating todo: Todo validation failed: status: `pending` is not a valid enum value for path `status`.\n    at Object.createTodo (file:///C:/Users/%E3%83%A9%E3%83%8A%E3%83%A2%E3%83%8F%E3%83%9E%E3%83%89%E3%82%B7%E3%83%A7%E3%83%98%E3%83%AB/Desktop/learnig_folder/full_stack_todo_app_EJS/src/services/todoService.js:44:19)\n    at process.processTicksAndRejections (node:internal/process/task_queues:105:5)\n    at async createTodo (file:///C:/Users/%E3%83%A9%E3%83%8A%E3%83%A2%E3%83%8F%E3%83%9E%E3%83%89%E3%82%B7%E3%83%A7%E3%83%98%E3%83%AB/Desktop/learnig_folder/full_stack_todo_app_EJS/src/controllers/todoController.js:58:26)","timestamp":"2025-03-18 11:02:19"}
{"_message":"Todo validation failed","errors":{"status":{"kind":"enum","message":"`pending` is not a valid enum value for path `status`.","name":"ValidatorError","path":"status","properties":{"enumValues":["pendind,","completed"],"message":"`pending` is not a valid enum value for path `status`.","path":"status","type":"enum","value":"pending"},"value":"pending"}},"level":"error","message":"Error in createTodo: Todo validation failed: status: `pending` is not a valid enum value for path `status`.","stack":"ValidationError: Todo validation failed: status: `pending` is not a valid enum value for path `status`.\n    at Document.invalidate (C:\\Users\\ラナモハマドショヘル\\Desktop\\learnig_folder\\full_stack_todo_app_EJS\\node_modules\\mongoose\\lib\\document.js:3329:32)\n    at C:\\Users\\ラナモハマドショヘル\\Desktop\\learnig_folder\\full_stack_todo_app_EJS\\node_modules\\mongoose\\lib\\document.js:3090:17\n    at C:\\Users\\ラナモハマドショヘル\\Desktop\\learnig_folder\\full_stack_todo_app_EJS\\node_modules\\mongoose\\lib\\schemaType.js:1407:9\n    at process.processTicksAndRejections (node:internal/process/task_queues:85:11)","timestamp":"2025-03-18 11:02:34"}
{"level":"error","message":"Error in createTodo: Error creating todo: Todo validation failed: status: `pending` is not a valid enum value for path `status`.","stack":"Error: Error creating todo: Todo validation failed: status: `pending` is not a valid enum value for path `status`.\n    at Object.createTodo (file:///C:/Users/%E3%83%A9%E3%83%8A%E3%83%A2%E3%83%8F%E3%83%9E%E3%83%89%E3%82%B7%E3%83%A7%E3%83%98%E3%83%AB/Desktop/learnig_folder/full_stack_todo_app_EJS/src/services/todoService.js:44:19)\n    at process.processTicksAndRejections (node:internal/process/task_queues:105:5)\n    at async createTodo (file:///C:/Users/%E3%83%A9%E3%83%8A%E3%83%A2%E3%83%8F%E3%83%9E%E3%83%89%E3%82%B7%E3%83%A7%E3%83%98%E3%83%AB/Desktop/learnig_folder/full_stack_todo_app_EJS/src/controllers/todoController.js:58:26)","timestamp":"2025-03-18 11:02:34"}
{"_message":"Todo validation failed","errors":{"status":{"kind":"enum","message":"`pending` is not a valid enum value for path `status`.","name":"ValidatorError","path":"status","properties":{"enumValues":["pendind,","completed"],"message":"`pending` is not a valid enum value for path `status`.","path":"status","type":"enum","value":"pending"},"value":"pending"}},"level":"error","message":"Error in createTodo: Todo validation failed: status: `pending` is not a valid enum value for path `status`.","stack":"ValidationError: Todo validation failed: status: `pending` is not a valid enum value for path `status`.\n    at Document.invalidate (C:\\Users\\ラナモハマドショヘル\\Desktop\\learnig_folder\\full_stack_todo_app_EJS\\node_modules\\mongoose\\lib\\document.js:3329:32)\n    at C:\\Users\\ラナモハマドショヘル\\Desktop\\learnig_folder\\full_stack_todo_app_EJS\\node_modules\\mongoose\\lib\\document.js:3090:17\n    at C:\\Users\\ラナモハマドショヘル\\Desktop\\learnig_folder\\full_stack_todo_app_EJS\\node_modules\\mongoose\\lib\\schemaType.js:1407:9\n    at process.processTicksAndRejections (node:internal/process/task_queues:85:11)","timestamp":"2025-03-18 11:02:39"}
{"level":"error","message":"Error in createTodo: Error creating todo: Todo validation failed: status: `pending` is not a valid enum value for path `status`.","stack":"Error: Error creating todo: Todo validation failed: status: `pending` is not a valid enum value for path `status`.\n    at Object.createTodo (file:///C:/Users/%E3%83%A9%E3%83%8A%E3%83%A2%E3%83%8F%E3%83%9E%E3%83%89%E3%82%B7%E3%83%A7%E3%83%98%E3%83%AB/Desktop/learnig_folder/full_stack_todo_app_EJS/src/services/todoService.js:44:19)\n    at process.processTicksAndRejections (node:internal/process/task_queues:105:5)\n    at async createTodo (file:///C:/Users/%E3%83%A9%E3%83%8A%E3%83%A2%E3%83%8F%E3%83%9E%E3%83%89%E3%82%B7%E3%83%A7%E3%83%98%E3%83%AB/Desktop/learnig_folder/full_stack_todo_app_EJS/src/controllers/todoController.js:58:26)","timestamp":"2025-03-18 11:02:39"}
{"_message":"Todo validation failed","errors":{"status":{"kind":"enum","message":"`pending` is not a valid enum value for path `status`.","name":"ValidatorError","path":"status","properties":{"enumValues":["pendind,","completed"],"message":"`pending` is not a valid enum value for path `status`.","path":"status","type":"enum","value":"pending"},"value":"pending"}},"level":"error","message":"Error in createTodo: Todo validation failed: status: `pending` is not a valid enum value for path `status`.","stack":"ValidationError: Todo validation failed: status: `pending` is not a valid enum value for path `status`.\n    at Document.invalidate (C:\\Users\\ラナモハマドショヘル\\Desktop\\learnig_folder\\full_stack_todo_app_EJS\\node_modules\\mongoose\\lib\\document.js:3329:32)\n    at C:\\Users\\ラナモハマドショヘル\\Desktop\\learnig_folder\\full_stack_todo_app_EJS\\node_modules\\mongoose\\lib\\document.js:3090:17\n    at C:\\Users\\ラナモハマドショヘル\\Desktop\\learnig_folder\\full_stack_todo_app_EJS\\node_modules\\mongoose\\lib\\schemaType.js:1407:9\n    at process.processTicksAndRejections (node:internal/process/task_queues:85:11)","timestamp":"2025-03-18 11:02:41"}
{"level":"error","message":"Error in createTodo: Error creating todo: Todo validation failed: status: `pending` is not a valid enum value for path `status`.","stack":"Error: Error creating todo: Todo validation failed: status: `pending` is not a valid enum value for path `status`.\n    at Object.createTodo (file:///C:/Users/%E3%83%A9%E3%83%8A%E3%83%A2%E3%83%8F%E3%83%9E%E3%83%89%E3%82%B7%E3%83%A7%E3%83%98%E3%83%AB/Desktop/learnig_folder/full_stack_todo_app_EJS/src/services/todoService.js:44:19)\n    at process.processTicksAndRejections (node:internal/process/task_queues:105:5)\n    at async createTodo (file:///C:/Users/%E3%83%A9%E3%83%8A%E3%83%A2%E3%83%8F%E3%83%9E%E3%83%89%E3%82%B7%E3%83%A7%E3%83%98%E3%83%AB/Desktop/learnig_folder/full_stack_todo_app_EJS/src/controllers/todoController.js:58:26)","timestamp":"2025-03-18 11:02:41"}
{"_message":"Todo validation failed","errors":{"status":{"kind":"enum","message":"`pending` is not a valid enum value for path `status`.","name":"ValidatorError","path":"status","properties":{"enumValues":["pendind,","completed"],"message":"`pending` is not a valid enum value for path `status`.","path":"status","type":"enum","value":"pending"},"value":"pending"}},"level":"error","message":"Error in createTodo: Todo validation failed: status: `pending` is not a valid enum value for path `status`.","stack":"ValidationError: Todo validation failed: status: `pending` is not a valid enum value for path `status`.\n    at Document.invalidate (C:\\Users\\ラナモハマドショヘル\\Desktop\\learnig_folder\\full_stack_todo_app_EJS\\node_modules\\mongoose\\lib\\document.js:3329:32)\n    at C:\\Users\\ラナモハマドショヘル\\Desktop\\learnig_folder\\full_stack_todo_app_EJS\\node_modules\\mongoose\\lib\\document.js:3090:17\n    at C:\\Users\\ラナモハマドショヘル\\Desktop\\learnig_folder\\full_stack_todo_app_EJS\\node_modules\\mongoose\\lib\\schemaType.js:1407:9\n    at process.processTicksAndRejections (node:internal/process/task_queues:85:11)","timestamp":"2025-03-18 11:02:41"}
{"level":"error","message":"Error in createTodo: Error creating todo: Todo validation failed: status: `pending` is not a valid enum value for path `status`.","stack":"Error: Error creating todo: Todo validation failed: status: `pending` is not a valid enum value for path `status`.\n    at Object.createTodo (file:///C:/Users/%E3%83%A9%E3%83%8A%E3%83%A2%E3%83%8F%E3%83%9E%E3%83%89%E3%82%B7%E3%83%A7%E3%83%98%E3%83%AB/Desktop/learnig_folder/full_stack_todo_app_EJS/src/services/todoService.js:44:19)\n    at process.processTicksAndRejections (node:internal/process/task_queues:105:5)\n    at async createTodo (file:///C:/Users/%E3%83%A9%E3%83%8A%E3%83%A2%E3%83%8F%E3%83%9E%E3%83%89%E3%82%B7%E3%83%A7%E3%83%98%E3%83%AB/Desktop/learnig_folder/full_stack_todo_app_EJS/src/controllers/todoController.js:58:26)","timestamp":"2025-03-18 11:02:41"}
{"_message":"Todo validation failed","errors":{"status":{"kind":"enum","message":"`pending` is not a valid enum value for path `status`.","name":"ValidatorError","path":"status","properties":{"enumValues":["pendind,","completed"],"message":"`pending` is not a valid enum value for path `status`.","path":"status","type":"enum","value":"pending"},"value":"pending"}},"level":"error","message":"Error in createTodo: Todo validation failed: status: `pending` is not a valid enum value for path `status`.","stack":"ValidationError: Todo validation failed: status: `pending` is not a valid enum value for path `status`.\n    at Document.invalidate (C:\\Users\\ラナモハマドショヘル\\Desktop\\learnig_folder\\full_stack_todo_app_EJS\\node_modules\\mongoose\\lib\\document.js:3329:32)\n    at C:\\Users\\ラナモハマドショヘル\\Desktop\\learnig_folder\\full_stack_todo_app_EJS\\node_modules\\mongoose\\lib\\document.js:3090:17\n    at C:\\Users\\ラナモハマドショヘル\\Desktop\\learnig_folder\\full_stack_todo_app_EJS\\node_modules\\mongoose\\lib\\schemaType.js:1407:9\n    at process.processTicksAndRejections (node:internal/process/task_queues:85:11)","timestamp":"2025-03-18 11:02:42"}
{"level":"error","message":"Error in createTodo: Error creating todo: Todo validation failed: status: `pending` is not a valid enum value for path `status`.","stack":"Error: Error creating todo: Todo validation failed: status: `pending` is not a valid enum value for path `status`.\n    at Object.createTodo (file:///C:/Users/%E3%83%A9%E3%83%8A%E3%83%A2%E3%83%8F%E3%83%9E%E3%83%89%E3%82%B7%E3%83%A7%E3%83%98%E3%83%AB/Desktop/learnig_folder/full_stack_todo_app_EJS/src/services/todoService.js:44:19)\n    at process.processTicksAndRejections (node:internal/process/task_queues:105:5)\n    at async createTodo (file:///C:/Users/%E3%83%A9%E3%83%8A%E3%83%A2%E3%83%8F%E3%83%9E%E3%83%89%E3%82%B7%E3%83%A7%E3%83%98%E3%83%AB/Desktop/learnig_folder/full_stack_todo_app_EJS/src/controllers/todoController.js:58:26)","timestamp":"2025-03-18 11:02:42"}
{"level":"info","message":"Connected to MongoDB at mongodb://localhost:27017/fulstack_todo_app_ejs","timestamp":"2025-03-18 11:03:34"}
{"level":"info","message":"Server running in development mode on http://localhost:3000","timestamp":"2025-03-18 11:03:34"}
{"level":"info","message":"Connected to MongoDB at mongodb://localhost:27017/fulstack_todo_app_ejs","timestamp":"2025-03-18 11:03:34"}
{"level":"info","message":"Connected to MongoDB at mongodb://localhost:27017/fulstack_todo_app_ejs","timestamp":"2025-03-18 11:03:34"}
{"level":"info","message":"Connected to MongoDB at mongodb://localhost:27017/fulstack_todo_app_ejs","timestamp":"2025-03-18 11:03:35"}
{"level":"info","message":"Server running in development mode on http://localhost:3000","timestamp":"2025-03-18 11:03:35"}
{"level":"info","message":"Connected to MongoDB at mongodb://localhost:27017/fulstack_todo_app_ejs","timestamp":"2025-03-18 11:03:35"}
{"level":"info","message":"Connected to MongoDB at mongodb://localhost:27017/fulstack_todo_app_ejs","timestamp":"2025-03-18 11:03:35"}
{"level":"info","message":"Connected to MongoDB at mongodb://localhost:27017/fulstack_todo_app_ejs","timestamp":"2025-03-18 11:06:21"}
{"level":"info","message":"Server running in development mode on http://localhost:3000","timestamp":"2025-03-18 11:06:21"}
{"filter":{"_id":"67d8d52bc392189181769fa7"},"level":"error","message":"Error in deleteTodo: No document found for query \"{ _id: new ObjectId('67d8d52bc392189181769fa7') }\" on model \"Todo\"","numAffected":0,"query":{"_id":"67d8d52bc392189181769fa7"},"result":{"$where":{"_id":"67d8d52bc392189181769fa7"},"matchedCount":0},"stack":"DocumentNotFoundError: No document found for query \"{ _id: new ObjectId('67d8d52bc392189181769fa7') }\" on model \"Todo\"\n    at C:\\Users\\ラナモハマドショヘル\\Desktop\\learnig_folder\\full_stack_todo_app_EJS\\node_modules\\mongoose\\lib\\model.js:546:17\n    at C:\\Users\\ラナモハマドショヘル\\Desktop\\learnig_folder\\full_stack_todo_app_EJS\\node_modules\\mongoose\\lib\\model.js:486:9\n    at process.processTicksAndRejections (node:internal/process/task_queues:105:5)","timestamp":"2025-03-18 11:07:24"}
{"level":"info","message":"Connected to MongoDB at mongodb://localhost:27017/fulstack_todo_app_ejs","timestamp":"2025-03-18 11:08:26"}
{"level":"info","message":"Server running in development mode on http://localhost:3000","timestamp":"2025-03-18 11:08:26"}
{"level":"error","message":"Error in deleteTodo: Cannot read properties of null (reading 'save')","stack":"TypeError: Cannot read properties of null (reading 'save')\n    at Object.deleteTodo (file:///C:/Users/%E3%83%A9%E3%83%8A%E3%83%A2%E3%83%8F%E3%83%9E%E3%83%89%E3%82%B7%E3%83%A7%E3%83%98%E3%83%AB/Desktop/learnig_folder/full_stack_todo_app_EJS/src/services/todoService.js:78:31)\n    at process.processTicksAndRejections (node:internal/process/task_queues:105:5)\n    at async deleteTodo (file:///C:/Users/%E3%83%A9%E3%83%8A%E3%83%A2%E3%83%8F%E3%83%9E%E3%83%89%E3%82%B7%E3%83%A7%E3%83%98%E3%83%AB/Desktop/learnig_folder/full_stack_todo_app_EJS/src/controllers/todoController.js:109:26)","timestamp":"2025-03-18 11:08:34"}
{"level":"info","message":"Connected to MongoDB at mongodb://localhost:27017/fulstack_todo_app_ejs","timestamp":"2025-03-18 11:09:09"}
{"level":"info","message":"Server running in development mode on http://localhost:3000","timestamp":"2025-03-18 11:09:09"}
{"filter":{"_id":"67d8d5c854853354e4d6a994"},"level":"error","message":"Error in deleteTodo: No document found for query \"{ _id: new ObjectId('67d8d5c854853354e4d6a994') }\" on model \"Todo\"","numAffected":0,"query":{"_id":"67d8d5c854853354e4d6a994"},"result":{"$where":{"_id":"67d8d5c854853354e4d6a994"},"matchedCount":0},"stack":"DocumentNotFoundError: No document found for query \"{ _id: new ObjectId('67d8d5c854853354e4d6a994') }\" on model \"Todo\"\n    at C:\\Users\\ラナモハマドショヘル\\Desktop\\learnig_folder\\full_stack_todo_app_EJS\\node_modules\\mongoose\\lib\\model.js:546:17\n    at C:\\Users\\ラナモハマドショヘル\\Desktop\\learnig_folder\\full_stack_todo_app_EJS\\node_modules\\mongoose\\lib\\model.js:486:9\n    at process.processTicksAndRejections (node:internal/process/task_queues:105:5)","timestamp":"2025-03-18 11:10:05"}
{"level":"info","message":"Connected to MongoDB at mongodb://localhost:27017/fulstack_todo_app_ejs","timestamp":"2025-03-18 11:11:36"}
{"level":"info","message":"Connected to MongoDB at mongodb://localhost:27017/fulstack_todo_app_ejs","timestamp":"2025-03-18 11:11:36"}
{"level":"info","message":"Server running in development mode on http://localhost:3000","timestamp":"2025-03-18 11:11:36"}
{"level":"info","message":"Connected to MongoDB at mongodb://localhost:27017/fulstack_todo_app_ejs","timestamp":"2025-03-18 11:11:36"}
{"level":"info","message":"Connected to MongoDB at mongodb://localhost:27017/fulstack_todo_app_ejs","timestamp":"2025-03-18 11:11:50"}
{"level":"info","message":"Connected to MongoDB at mongodb://localhost:27017/fulstack_todo_app_ejs","timestamp":"2025-03-18 11:11:50"}
{"level":"info","message":"Server running in development mode on http://localhost:3000","timestamp":"2025-03-18 11:11:50"}
{"level":"info","message":"Connected to MongoDB at mongodb://localhost:27017/fulstack_todo_app_ejs","timestamp":"2025-03-18 11:11:50"}
{"level":"error","message":"Error in deleteTodo: Todo with id 67d8d5c854853354e4d6a994 not found","stack":"Error: Todo with id 67d8d5c854853354e4d6a994 not found\n    at Object.deleteTodo (file:///C:/Users/%E3%83%A9%E3%83%8A%E3%83%A2%E3%83%8F%E3%83%9E%E3%83%89%E3%82%B7%E3%83%A7%E3%83%98%E3%83%AB/Desktop/learnig_folder/full_stack_todo_app_EJS/src/services/todoService.js:79:23)\n    at process.processTicksAndRejections (node:internal/process/task_queues:105:5)\n    at async deleteTodo (file:///C:/Users/%E3%83%A9%E3%83%8A%E3%83%A2%E3%83%8F%E3%83%9E%E3%83%89%E3%82%B7%E3%83%A7%E3%83%98%E3%83%AB/Desktop/learnig_folder/full_stack_todo_app_EJS/src/controllers/todoController.js:112:26)","timestamp":"2025-03-18 11:12:11"}
{"level":"error","message":"Error in deleteTodo: Error deleting todo: Todo with id 67d8d5c854853354e4d6a994 not found","stack":"Error: Error deleting todo: Todo with id 67d8d5c854853354e4d6a994 not found\n    at Object.deleteTodo (file:///C:/Users/%E3%83%A9%E3%83%8A%E3%83%A2%E3%83%8F%E3%83%9E%E3%83%89%E3%82%B7%E3%83%A7%E3%83%98%E3%83%AB/Desktop/learnig_folder/full_stack_todo_app_EJS/src/services/todoService.js:84:19)\n    at process.processTicksAndRejections (node:internal/process/task_queues:105:5)\n    at async deleteTodo (file:///C:/Users/%E3%83%A9%E3%83%8A%E3%83%A2%E3%83%8F%E3%83%9E%E3%83%89%E3%82%B7%E3%83%A7%E3%83%98%E3%83%AB/Desktop/learnig_folder/full_stack_todo_app_EJS/src/controllers/todoController.js:112:26)","timestamp":"2025-03-18 11:12:11"}
{"level":"error","message":"Error in getTodo: Todo with id 67d8d5c854853354e4d6a994 not found","stack":"Error: Todo with id 67d8d5c854853354e4d6a994 not found\n    at Object.getTodo (file:///C:/Users/%E3%83%A9%E3%83%8A%E3%83%A2%E3%83%8F%E3%83%9E%E3%83%89%E3%82%B7%E3%83%A7%E3%83%98%E3%83%AB/Desktop/learnig_folder/full_stack_todo_app_EJS/src/services/todoService.js:20:23)\n    at process.processTicksAndRejections (node:internal/process/task_queues:105:5)\n    at async getTodo (file:///C:/Users/%E3%83%A9%E3%83%8A%E3%83%A2%E3%83%8F%E3%83%9E%E3%83%89%E3%82%B7%E3%83%A7%E3%83%98%E3%83%AB/Desktop/learnig_folder/full_stack_todo_app_EJS/src/controllers/todoController.js:26:26)","timestamp":"2025-03-18 11:12:27"}
{"level":"error","message":"Error in getTodo: Error fetching todo: Todo with id 67d8d5c854853354e4d6a994 not found","stack":"Error: Error fetching todo: Todo with id 67d8d5c854853354e4d6a994 not found\n    at Object.getTodo (file:///C:/Users/%E3%83%A9%E3%83%8A%E3%83%A2%E3%83%8F%E3%83%9E%E3%83%89%E3%82%B7%E3%83%A7%E3%83%98%E3%83%AB/Desktop/learnig_folder/full_stack_todo_app_EJS/src/services/todoService.js:26:19)\n    at process.processTicksAndRejections (node:internal/process/task_queues:105:5)\n    at async getTodo (file:///C:/Users/%E3%83%A9%E3%83%8A%E3%83%A2%E3%83%8F%E3%83%9E%E3%83%89%E3%82%B7%E3%83%A7%E3%83%98%E3%83%AB/Desktop/learnig_folder/full_stack_todo_app_EJS/src/controllers/todoController.js:26:26)","timestamp":"2025-03-18 11:12:27"}
{"level":"info","message":"Connected to MongoDB at mongodb://localhost:27017/fulstack_todo_app_ejs","timestamp":"2025-03-18 11:15:48"}
{"level":"info","message":"Server running in development mode on http://localhost:3000","timestamp":"2025-03-18 11:15:48"}
{"level":"info","message":"Connected to MongoDB at mongodb://localhost:27017/fulstack_todo_app_ejs","timestamp":"2025-03-18 11:18:10"}
{"level":"info","message":"Connected to MongoDB at mongodb://localhost:27017/fulstack_todo_app_ejs","timestamp":"2025-03-18 11:18:10"}
{"level":"info","message":"Connected to MongoDB at mongodb://localhost:27017/fulstack_todo_app_ejs","timestamp":"2025-03-18 11:18:10"}
{"level":"info","message":"Server running in development mode on http://localhost:3000","timestamp":"2025-03-18 11:18:10"}
{"level":"info","message":"Connected to MongoDB at mongodb://localhost:27017/fulstack_todo_app_ejs","timestamp":"2025-03-18 11:22:03"}
{"level":"info","message":"Connected to MongoDB at mongodb://localhost:27017/fulstack_todo_app_ejs","timestamp":"2025-03-18 11:22:03"}
{"level":"info","message":"Server running in development mode on http://localhost:3000","timestamp":"2025-03-18 11:22:03"}
{"level":"info","message":"Connected to MongoDB at mongodb://localhost:27017/fulstack_todo_app_ejs","timestamp":"2025-03-18 11:22:03"}
{"level":"info","message":"Connected to MongoDB at mongodb://localhost:27017/fulstack_todo_app_ejs","timestamp":"2025-03-18 11:22:29"}
{"level":"info","message":"Connected to MongoDB at mongodb://localhost:27017/fulstack_todo_app_ejs","timestamp":"2025-03-18 11:22:29"}
{"level":"info","message":"Server running in development mode on http://localhost:3000","timestamp":"2025-03-18 11:22:29"}
{"level":"info","message":"Connected to MongoDB at mongodb://localhost:27017/fulstack_todo_app_ejs","timestamp":"2025-03-18 11:22:29"}
{"level":"info","message":"Connected to MongoDB at mongodb://localhost:27017/fulstack_todo_app_ejs","timestamp":"2025-03-18 11:22:52"}
{"level":"info","message":"Connected to MongoDB at mongodb://localhost:27017/fulstack_todo_app_ejs","timestamp":"2025-03-18 11:22:52"}
{"level":"info","message":"Server running in development mode on http://localhost:3000","timestamp":"2025-03-18 11:22:52"}
{"level":"info","message":"Connected to MongoDB at mongodb://localhost:27017/fulstack_todo_app_ejs","timestamp":"2025-03-18 11:22:52"}
{"level":"info","message":"Connected to MongoDB at mongodb://localhost:27017/fulstack_todo_app_ejs","timestamp":"2025-03-18 11:23:17"}
{"level":"info","message":"Connected to MongoDB at mongodb://localhost:27017/fulstack_todo_app_ejs","timestamp":"2025-03-18 11:23:17"}
{"level":"info","message":"Server running in development mode on http://localhost:3000","timestamp":"2025-03-18 11:23:17"}
{"level":"info","message":"Connected to MongoDB at mongodb://localhost:27017/fulstack_todo_app_ejs","timestamp":"2025-03-18 11:23:17"}
{"level":"info","message":"Connected to MongoDB at mongodb://localhost:27017/fulstack_todo_app_ejs","timestamp":"2025-03-18 11:23:54"}
{"level":"info","message":"Server running in development mode on http://localhost:3000","timestamp":"2025-03-18 11:23:54"}
{"kind":"ObjectId","level":"error","message":"Error in getTodo: Cast to ObjectId failed for value \"status\" (type string) at path \"_id\" for model \"Todo\"","path":"_id","reason":{},"stack":"CastError: Cast to ObjectId failed for value \"status\" (type string) at path \"_id\" for model \"Todo\"\n    at SchemaObjectId.cast (C:\\Users\\ラナモハマドショヘル\\Desktop\\learnig_folder\\full_stack_todo_app_EJS\\node_modules\\mongoose\\lib\\schema\\objectId.js:251:11)\n    at SchemaType.applySetters (C:\\Users\\ラナモハマドショヘル\\Desktop\\learnig_folder\\full_stack_todo_app_EJS\\node_modules\\mongoose\\lib\\schemaType.js:1255:12)\n    at SchemaType.castForQuery (C:\\Users\\ラナモハマドショヘル\\Desktop\\learnig_folder\\full_stack_todo_app_EJS\\node_modules\\mongoose\\lib\\schemaType.js:1673:17)\n    at cast (C:\\Users\\ラナモハマドショヘル\\Desktop\\learnig_folder\\full_stack_todo_app_EJS\\node_modules\\mongoose\\lib\\cast.js:390:32)\n    at Query.cast (C:\\Users\\ラナモハマドショヘル\\Desktop\\learnig_folder\\full_stack_todo_app_EJS\\node_modules\\mongoose\\lib\\query.js:4907:12)\n    at Query._castConditions (C:\\Users\\ラナモハマドショヘル\\Desktop\\learnig_folder\\full_stack_todo_app_EJS\\node_modules\\mongoose\\lib\\query.js:2325:10)\n    at model.Query._findOne (C:\\Users\\ラナモハマドショヘル\\Desktop\\learnig_folder\\full_stack_todo_app_EJS\\node_modules\\mongoose\\lib\\query.js:2648:8)\n    at model.Query.exec (C:\\Users\\ラナモハマドショヘル\\Desktop\\learnig_folder\\full_stack_todo_app_EJS\\node_modules\\mongoose\\lib\\query.js:4456:80)\n    at process.processTicksAndRejections (node:internal/process/task_queues:105:5)\n    at async Object.getTodo (file:///C:/Users/%E3%83%A9%E3%83%8A%E3%83%A2%E3%83%8F%E3%83%9E%E3%83%89%E3%82%B7%E3%83%A7%E3%83%98%E3%83%AB/Desktop/learnig_folder/full_stack_todo_app_EJS/src/services/todoService.js:18:26)","stringValue":"\"status\"","timestamp":"2025-03-18 11:25:02","value":"status","valueType":"string"}
{"level":"error","message":"Error in getTodo: Error fetching todo: Cast to ObjectId failed for value \"status\" (type string) at path \"_id\" for model \"Todo\"","stack":"Error: Error fetching todo: Cast to ObjectId failed for value \"status\" (type string) at path \"_id\" for model \"Todo\"\n    at Object.getTodo (file:///C:/Users/%E3%83%A9%E3%83%8A%E3%83%A2%E3%83%8F%E3%83%9E%E3%83%89%E3%82%B7%E3%83%A7%E3%83%98%E3%83%AB/Desktop/learnig_folder/full_stack_todo_app_EJS/src/services/todoService.js:26:19)\n    at process.processTicksAndRejections (node:internal/process/task_queues:105:5)\n    at async getTodo (file:///C:/Users/%E3%83%A9%E3%83%8A%E3%83%A2%E3%83%8F%E3%83%9E%E3%83%89%E3%82%B7%E3%83%A7%E3%83%98%E3%83%AB/Desktop/learnig_folder/full_stack_todo_app_EJS/src/controllers/todoController.js:26:26)","timestamp":"2025-03-18 11:25:02"}
{"level":"info","message":"Connected to MongoDB at mongodb://localhost:27017/fulstack_todo_app_ejs","timestamp":"2025-03-18 11:26:00"}
{"level":"info","message":"Server running in development mode on http://localhost:3000","timestamp":"2025-03-18 11:26:00"}
{"level":"info","message":"Connected to MongoDB at mongodb://localhost:27017/fulstack_todo_app_ejs","timestamp":"2025-03-18 11:26:00"}
{"level":"info","message":"Connected to MongoDB at mongodb://localhost:27017/fulstack_todo_app_ejs","timestamp":"2025-03-18 11:26:00"}
{"level":"info","message":"Connected to MongoDB at mongodb://localhost:27017/fulstack_todo_app_ejs","timestamp":"2025-03-18 11:28:32"}
{"level":"info","message":"Connected to MongoDB at mongodb://localhost:27017/fulstack_todo_app_ejs","timestamp":"2025-03-18 11:28:32"}
{"level":"info","message":"Server running in development mode on http://localhost:3000","timestamp":"2025-03-18 11:28:32"}
{"level":"info","message":"Connected to MongoDB at mongodb://localhost:27017/fulstack_todo_app_ejs","timestamp":"2025-03-18 11:28:32"}
{"kind":"ObjectId","level":"error","message":"Error in getTodo: Cast to ObjectId failed for value \"status\" (type string) at path \"_id\" for model \"Todo\"","path":"_id","reason":{},"stack":"CastError: Cast to ObjectId failed for value \"status\" (type string) at path \"_id\" for model \"Todo\"\n    at SchemaObjectId.cast (C:\\Users\\ラナモハマドショヘル\\Desktop\\learnig_folder\\full_stack_todo_app_EJS\\node_modules\\mongoose\\lib\\schema\\objectId.js:251:11)\n    at SchemaType.applySetters (C:\\Users\\ラナモハマドショヘル\\Desktop\\learnig_folder\\full_stack_todo_app_EJS\\node_modules\\mongoose\\lib\\schemaType.js:1255:12)\n    at SchemaType.castForQuery (C:\\Users\\ラナモハマドショヘル\\Desktop\\learnig_folder\\full_stack_todo_app_EJS\\node_modules\\mongoose\\lib\\schemaType.js:1673:17)\n    at cast (C:\\Users\\ラナモハマドショヘル\\Desktop\\learnig_folder\\full_stack_todo_app_EJS\\node_modules\\mongoose\\lib\\cast.js:390:32)\n    at Query.cast (C:\\Users\\ラナモハマドショヘル\\Desktop\\learnig_folder\\full_stack_todo_app_EJS\\node_modules\\mongoose\\lib\\query.js:4907:12)\n    at Query._castConditions (C:\\Users\\ラナモハマドショヘル\\Desktop\\learnig_folder\\full_stack_todo_app_EJS\\node_modules\\mongoose\\lib\\query.js:2325:10)\n    at model.Query._findOne (C:\\Users\\ラナモハマドショヘル\\Desktop\\learnig_folder\\full_stack_todo_app_EJS\\node_modules\\mongoose\\lib\\query.js:2648:8)\n    at model.Query.exec (C:\\Users\\ラナモハマドショヘル\\Desktop\\learnig_folder\\full_stack_todo_app_EJS\\node_modules\\mongoose\\lib\\query.js:4456:80)\n    at process.processTicksAndRejections (node:internal/process/task_queues:105:5)\n    at async Object.getTodo (file:///C:/Users/%E3%83%A9%E3%83%8A%E3%83%A2%E3%83%8F%E3%83%9E%E3%83%89%E3%82%B7%E3%83%A7%E3%83%98%E3%83%AB/Desktop/learnig_folder/full_stack_todo_app_EJS/src/services/todoService.js:18:26)","stringValue":"\"status\"","timestamp":"2025-03-18 11:28:37","value":"status","valueType":"string"}
{"level":"error","message":"Error in getTodo: Error fetching todo: Cast to ObjectId failed for value \"status\" (type string) at path \"_id\" for model \"Todo\"","stack":"Error: Error fetching todo: Cast to ObjectId failed for value \"status\" (type string) at path \"_id\" for model \"Todo\"\n    at Object.getTodo (file:///C:/Users/%E3%83%A9%E3%83%8A%E3%83%A2%E3%83%8F%E3%83%9E%E3%83%89%E3%82%B7%E3%83%A7%E3%83%98%E3%83%AB/Desktop/learnig_folder/full_stack_todo_app_EJS/src/services/todoService.js:26:19)\n    at process.processTicksAndRejections (node:internal/process/task_queues:105:5)\n    at async getTodo (file:///C:/Users/%E3%83%A9%E3%83%8A%E3%83%A2%E3%83%8F%E3%83%9E%E3%83%89%E3%82%B7%E3%83%A7%E3%83%98%E3%83%AB/Desktop/learnig_folder/full_stack_todo_app_EJS/src/controllers/todoController.js:26:26)","timestamp":"2025-03-18 11:28:37"}
{"level":"info","message":"Connected to MongoDB at mongodb://localhost:27017/fulstack_todo_app_ejs","timestamp":"2025-03-18 11:29:20"}
{"level":"info","message":"Connected to MongoDB at mongodb://localhost:27017/fulstack_todo_app_ejs","timestamp":"2025-03-18 11:29:20"}
{"level":"info","message":"Server running in development mode on http://localhost:3000","timestamp":"2025-03-18 11:29:20"}
{"level":"info","message":"Connected to MongoDB at mongodb://localhost:27017/fulstack_todo_app_ejs","timestamp":"2025-03-18 11:29:20"}
{"level":"info","message":"Connected to MongoDB at mongodb://localhost:27017/fulstack_todo_app_ejs","timestamp":"2025-03-18 11:31:01"}
{"level":"info","message":"Connected to MongoDB at mongodb://localhost:27017/fulstack_todo_app_ejs","timestamp":"2025-03-18 11:31:01"}
{"level":"info","message":"Server running in development mode on http://localhost:3000","timestamp":"2025-03-18 11:31:01"}
{"level":"info","message":"Connected to MongoDB at mongodb://localhost:27017/fulstack_todo_app_ejs","timestamp":"2025-03-18 11:31:01"}
{"level":"info","message":"Connected to MongoDB at mongodb://localhost:27017/fulstack_todo_app_ejs","timestamp":"2025-03-18 11:32:13"}
{"level":"info","message":"Connected to MongoDB at mongodb://localhost:27017/fulstack_todo_app_ejs","timestamp":"2025-03-18 11:32:13"}
{"level":"info","message":"Server running in development mode on http://localhost:3000","timestamp":"2025-03-18 11:32:13"}
{"level":"info","message":"Connected to MongoDB at mongodb://localhost:27017/fulstack_todo_app_ejs","timestamp":"2025-03-18 11:32:13"}
{"level":"info","message":"Connected to MongoDB at mongodb://localhost:27017/fulstack_todo_app_ejs","timestamp":"2025-03-18 11:32:45"}
{"level":"info","message":"Connected to MongoDB at mongodb://localhost:27017/fulstack_todo_app_ejs","timestamp":"2025-03-18 11:32:45"}
{"level":"info","message":"Server running in development mode on http://localhost:3000","timestamp":"2025-03-18 11:32:45"}
{"level":"info","message":"Connected to MongoDB at mongodb://localhost:27017/fulstack_todo_app_ejs","timestamp":"2025-03-18 11:32:45"}
{"level":"info","message":"Connected to MongoDB at mongodb://localhost:27017/fulstack_todo_app_ejs","timestamp":"2025-03-18 11:32:59"}
{"level":"info","message":"Connected to MongoDB at mongodb://localhost:27017/fulstack_todo_app_ejs","timestamp":"2025-03-18 11:33:36"}
{"level":"info","message":"Server running in development mode on http://localhost:3000","timestamp":"2025-03-18 11:33:36"}
{"level":"info","message":"Connected to MongoDB at mongodb://localhost:27017/fulstack_todo_app_ejs","timestamp":"2025-03-18 11:41:59"}
{"level":"info","message":"Connected to MongoDB at mongodb://localhost:27017/fulstack_todo_app_ejs","timestamp":"2025-03-18 11:41:59"}
{"level":"info","message":"Connected to MongoDB at mongodb://localhost:27017/fulstack_todo_app_ejs","timestamp":"2025-03-18 11:41:59"}
{"level":"info","message":"Server running in development mode on http://localhost:3000","timestamp":"2025-03-18 11:41:59"}
{"level":"info","message":"Connected to MongoDB at mongodb://localhost:27017/fulstack_todo_app_ejs","timestamp":"2025-03-18 11:42:05"}
{"level":"info","message":"Connected to MongoDB at mongodb://localhost:27017/fulstack_todo_app_ejs","timestamp":"2025-03-18 11:42:29"}
{"level":"info","message":"Server running in development mode on http://localhost:3000","timestamp":"2025-03-18 11:42:29"}
{"level":"info","message":"Connected to MongoDB at mongodb://localhost:27017/fulstack_todo_app_ejs","timestamp":"2025-03-18 11:45:49"}
{"level":"info","message":"Connected to MongoDB at mongodb://localhost:27017/fulstack_todo_app_ejs","timestamp":"2025-03-18 11:45:49"}
{"level":"info","message":"Connected to MongoDB at mongodb://localhost:27017/fulstack_todo_app_ejs","timestamp":"2025-03-18 11:45:49"}
{"level":"info","message":"Server running in development mode on http://localhost:3000","timestamp":"2025-03-18 11:45:49"}
{"level":"info","message":"Connected to MongoDB at mongodb://localhost:27017/fulstack_todo_app_ejs","timestamp":"2025-03-18 11:48:29"}
{"level":"info","message":"Connected to MongoDB at mongodb://localhost:27017/fulstack_todo_app_ejs","timestamp":"2025-03-18 11:51:26"}
{"level":"info","message":"Connected to MongoDB at mongodb://localhost:27017/fulstack_todo_app_ejs","timestamp":"2025-03-18 11:52:05"}
{"level":"info","message":"Connected to MongoDB at mongodb://localhost:27017/fulstack_todo_app_ejs","timestamp":"2025-03-18 11:52:05"}
{"level":"info","message":"Server running in development mode on http://localhost:3000","timestamp":"2025-03-18 11:52:05"}
{"level":"info","message":"Connected to MongoDB at mongodb://localhost:27017/fulstack_todo_app_ejs","timestamp":"2025-03-18 11:52:05"}
{"level":"info","message":"Connected to MongoDB at mongodb://localhost:27017/fulstack_todo_app_ejs","timestamp":"2025-03-18 11:52:12"}
{"level":"info","message":"Server running in development mode on http://localhost:3000","timestamp":"2025-03-18 11:52:12"}
{"level":"info","message":"Connected to MongoDB at mongodb://localhost:27017/fulstack_todo_app_ejs","timestamp":"2025-03-18 11:52:12"}
{"level":"info","message":"Connected to MongoDB at mongodb://localhost:27017/fulstack_todo_app_ejs","timestamp":"2025-03-18 11:52:12"}
{"level":"info","message":"Connected to MongoDB at mongodb://localhost:27017/fulstack_todo_app_ejs","timestamp":"2025-03-18 11:54:27"}
{"level":"info","message":"Connected to MongoDB at mongodb://localhost:27017/fulstack_todo_app_ejs","timestamp":"2025-03-18 11:54:27"}
{"level":"info","message":"Server running in development mode on http://localhost:3000","timestamp":"2025-03-18 11:54:27"}
{"level":"info","message":"Connected to MongoDB at mongodb://localhost:27017/fulstack_todo_app_ejs","timestamp":"2025-03-18 11:54:27"}
{"level":"info","message":"Connected to MongoDB at mongodb://localhost:27017/fulstack_todo_app_ejs","timestamp":"2025-03-18 11:55:16"}
{"level":"info","message":"Server running in development mode on http://localhost:3000","timestamp":"2025-03-18 11:55:17"}
{"level":"info","message":"Connected to MongoDB at mongodb://localhost:27017/fulstack_todo_app_ejs","timestamp":"2025-03-18 11:55:17"}
{"level":"info","message":"Connected to MongoDB at mongodb://localhost:27017/fulstack_todo_app_ejs","timestamp":"2025-03-18 11:55:17"}
{"level":"info","message":"Connected to MongoDB at mongodb://localhost:27017/fulstack_todo_app_ejs","timestamp":"2025-03-18 12:01:13"}
{"level":"info","message":"Connected to MongoDB at mongodb://localhost:27017/fulstack_todo_app_ejs","timestamp":"2025-03-18 13:00:48"}
{"level":"info","message":"Connected to MongoDB at mongodb://localhost:27017/fulstack_todo_app_ejs","timestamp":"2025-03-18 13:00:48"}
{"level":"info","message":"Server running in development mode on http://localhost:3000","timestamp":"2025-03-18 13:00:48"}
{"level":"info","message":"Connected to MongoDB at mongodb://localhost:27017/fulstack_todo_app_ejs","timestamp":"2025-03-18 13:00:48"}
{"level":"info","message":"✅ Connected to MongoDB at mongodb://localhost:27017/fulstack_todo_app_ejs","timestamp":"2025-03-18 13:00:57"}
{"level":"info","message":"✅ Connected to MongoDB at mongodb://localhost:27017/fulstack_todo_app_ejs","timestamp":"2025-03-18 13:00:57"}
{"level":"info","message":"🚀 Server running in development mode on http://localhost:3000","timestamp":"2025-03-18 13:00:57"}
{"level":"info","message":"✅ Connected to MongoDB at mongodb://localhost:27017/fulstack_todo_app_ejs","timestamp":"2025-03-18 13:00:57"}
{"level":"info","message":"✅ Connected to MongoDB at mongodb://localhost:27017/fulstack_todo_app_ejs","timestamp":"2025-03-18 13:01:56"}
{"level":"info","message":"🚀 Server running in development mode on http://localhost:3000","timestamp":"2025-03-18 13:01:56"}
{"level":"info","message":"✅ Connected to MongoDB at mongodb://localhost:27017/fulstack_todo_app_ejs","timestamp":"2025-03-18 13:01:56"}
{"level":"info","message":"✅ Connected to MongoDB at mongodb://localhost:27017/fulstack_todo_app_ejs","timestamp":"2025-03-18 13:01:56"}
{"level":"info","message":"✅ Connected to MongoDB at mongodb://localhost:27017/fulstack_todo_app_ejs","timestamp":"2025-03-18 13:03:04"}
{"level":"info","message":"🚀 Server running in development mode on http://localhost:3000","timestamp":"2025-03-18 13:03:04"}
{"level":"info","message":"✅ Connected to MongoDB at mongodb://localhost:27017/fulstack_todo_app_ejs","timestamp":"2025-03-18 13:03:04"}
{"level":"error","message":"❌ Port 3000 is already in use. Killing process and retrying...","timestamp":"2025-03-18 13:03:04"}
{"level":"error","message":"❌ Unable to free port 3000. Exiting.","timestamp":"2025-03-18 13:03:04"}
{"level":"info","message":"✅ Connected to MongoDB at mongodb://localhost:27017/fulstack_todo_app_ejs","timestamp":"2025-03-18 13:03:04"}
{"level":"error","message":"❌ Port 3000 is already in use. Killing process and retrying...","timestamp":"2025-03-18 13:03:04"}
{"level":"error","message":"❌ Unable to free port 3000. Exiting.","timestamp":"2025-03-18 13:03:04"}
